  main.cpp
C:\Users\ppbas\OneDrive\Desktop\62010602\SourceCode\Project_Game\Game_sfml\Project_Game\player.cpp(259,21): warning C4244: 'argument': conversion from 'int' to 'float', possible loss of data
C:\Users\ppbas\OneDrive\Desktop\62010602\SourceCode\Project_Game\Game_sfml\Project_Game\player.cpp(362,26): warning C4244: 'argument': conversion from 'int' to 'float', possible loss of data
C:\Users\ppbas\OneDrive\Desktop\62010602\SourceCode\Project_Game\Game_sfml\Project_Game\projectile.cpp(100,29): warning C4244: 'argument': conversion from 'int' to 'float', possible loss of data
C:\Users\ppbas\OneDrive\Desktop\62010602\SourceCode\Project_Game\Game_sfml\Project_Game\projectile.cpp(108,36): warning C4244: 'argument': conversion from 'int' to 'float', possible loss of data
C:\Users\ppbas\OneDrive\Desktop\62010602\SourceCode\Project_Game\Game_sfml\Project_Game\bot1.cpp(101,12): warning C4244: 'argument': conversion from 'time_t' to 'unsigned int', possible loss of data
C:\Users\ppbas\OneDrive\Desktop\62010602\SourceCode\Project_Game\Game_sfml\Project_Game\bot1.cpp(102,22): warning C4244: '=': conversion from 'int' to 'float', possible loss of data
C:\Users\ppbas\OneDrive\Desktop\62010602\SourceCode\Project_Game\Game_sfml\Project_Game\bot1.cpp(108,22): warning C4244: 'argument': conversion from 'int' to 'float', possible loss of data
C:\Users\ppbas\OneDrive\Desktop\62010602\SourceCode\Project_Game\Game_sfml\Project_Game\bot1.cpp(108,19): warning C4244: 'argument': conversion from 'int' to 'float', possible loss of data
C:\Users\ppbas\OneDrive\Desktop\62010602\SourceCode\Project_Game\Game_sfml\Project_Game\bot1.cpp(174,17): warning C4244: 'argument': conversion from 'time_t' to 'unsigned int', possible loss of data
C:\Users\ppbas\OneDrive\Desktop\62010602\SourceCode\Project_Game\Game_sfml\Project_Game\bot1.cpp(225,33): warning C4244: 'argument': conversion from 'int' to 'float', possible loss of data
C:\Users\ppbas\OneDrive\Desktop\62010602\SourceCode\Project_Game\Game_sfml\Project_Game\bot1.cpp(267,68): warning C4244: 'argument': conversion from 'int' to 'float', possible loss of data
C:\Users\ppbas\OneDrive\Desktop\62010602\SourceCode\Project_Game\Game_sfml\Project_Game\bot1.cpp(280,22): warning C4244: '=': conversion from 'float' to 'int', possible loss of data
C:\Users\ppbas\OneDrive\Desktop\62010602\SourceCode\Project_Game\Game_sfml\Project_Game\bot1.cpp(291,16): warning C4244: '=': conversion from 'int' to 'float', possible loss of data
C:\Users\ppbas\OneDrive\Desktop\62010602\SourceCode\Project_Game\Game_sfml\Project_Game\bot1.cpp(303,17): warning C4244: '=': conversion from 'int' to 'float', possible loss of data
C:\Users\ppbas\OneDrive\Desktop\62010602\SourceCode\Project_Game\Game_sfml\Project_Game\bot1.cpp(311,30): warning C4244: '=': conversion from 'const T' to 'int', possible loss of data
C:\Users\ppbas\OneDrive\Desktop\62010602\SourceCode\Project_Game\Game_sfml\Project_Game\bot1.cpp(311,30): warning C4244:         with
C:\Users\ppbas\OneDrive\Desktop\62010602\SourceCode\Project_Game\Game_sfml\Project_Game\bot1.cpp(311,30): warning C4244:         [
C:\Users\ppbas\OneDrive\Desktop\62010602\SourceCode\Project_Game\Game_sfml\Project_Game\bot1.cpp(311,30): warning C4244:             T=float
C:\Users\ppbas\OneDrive\Desktop\62010602\SourceCode\Project_Game\Game_sfml\Project_Game\bot1.cpp(311,30): warning C4244:         ]
C:\Users\ppbas\OneDrive\Desktop\62010602\SourceCode\Project_Game\Game_sfml\Project_Game\bot1.cpp(312,30): warning C4244: '=': conversion from 'const T' to 'int', possible loss of data
C:\Users\ppbas\OneDrive\Desktop\62010602\SourceCode\Project_Game\Game_sfml\Project_Game\bot1.cpp(312,30): warning C4244:         with
C:\Users\ppbas\OneDrive\Desktop\62010602\SourceCode\Project_Game\Game_sfml\Project_Game\bot1.cpp(312,30): warning C4244:         [
C:\Users\ppbas\OneDrive\Desktop\62010602\SourceCode\Project_Game\Game_sfml\Project_Game\bot1.cpp(312,30): warning C4244:             T=float
C:\Users\ppbas\OneDrive\Desktop\62010602\SourceCode\Project_Game\Game_sfml\Project_Game\bot1.cpp(312,30): warning C4244:         ]
C:\Users\ppbas\OneDrive\Desktop\62010602\SourceCode\Project_Game\Game_sfml\Project_Game\bot1.cpp(321,43): warning C4244: '-=': conversion from 'double' to 'float', possible loss of data
C:\Users\ppbas\OneDrive\Desktop\62010602\SourceCode\Project_Game\Game_sfml\Project_Game\bot1.cpp(339,49): warning C4244: 'argument': conversion from 'int' to 'float', possible loss of data
C:\Users\ppbas\OneDrive\Desktop\62010602\SourceCode\Project_Game\Game_sfml\Project_Game\bot1.cpp(339,25): warning C4244: 'argument': conversion from 'int' to 'float', possible loss of data
C:\Users\ppbas\OneDrive\Desktop\62010602\SourceCode\Project_Game\Game_sfml\Project_Game\bot1.cpp(368,75): warning C4244: 'argument': conversion from 'int' to 'float', possible loss of data
C:\Users\ppbas\OneDrive\Desktop\62010602\SourceCode\Project_Game\Game_sfml\Project_Game\bot1.cpp(397,77): warning C4244: 'argument': conversion from 'int' to 'float', possible loss of data
C:\Users\ppbas\OneDrive\Desktop\62010602\SourceCode\Project_Game\Game_sfml\Project_Game\bot1.cpp(462,60): warning C4244: 'argument': conversion from 'int' to 'float', possible loss of data
C:\Users\ppbas\OneDrive\Desktop\62010602\SourceCode\Project_Game\Game_sfml\Project_Game\bot1.cpp(470,60): warning C4244: 'argument': conversion from 'int' to 'float', possible loss of data
C:\Users\ppbas\OneDrive\Desktop\62010602\SourceCode\Project_Game\Game_sfml\Project_Game\bot1.cpp(471,17): warning C4244: 'initializing': conversion from 'const T' to 'int', possible loss of data
C:\Users\ppbas\OneDrive\Desktop\62010602\SourceCode\Project_Game\Game_sfml\Project_Game\bot1.cpp(471,17): warning C4244:         with
C:\Users\ppbas\OneDrive\Desktop\62010602\SourceCode\Project_Game\Game_sfml\Project_Game\bot1.cpp(471,17): warning C4244:         [
C:\Users\ppbas\OneDrive\Desktop\62010602\SourceCode\Project_Game\Game_sfml\Project_Game\bot1.cpp(471,17): warning C4244:             T=float
C:\Users\ppbas\OneDrive\Desktop\62010602\SourceCode\Project_Game\Game_sfml\Project_Game\bot1.cpp(471,17): warning C4244:         ]
C:\Users\ppbas\OneDrive\Desktop\62010602\SourceCode\Project_Game\Game_sfml\Project_Game\bot1.cpp(492,23): warning C4244: '=': conversion from 'float' to 'int', possible loss of data
C:\Users\ppbas\OneDrive\Desktop\62010602\SourceCode\Project_Game\Game_sfml\Project_Game\bot1.cpp(493,26): warning C4244: '=': conversion from 'float' to 'int', possible loss of data
C:\Users\ppbas\OneDrive\Desktop\62010602\SourceCode\Project_Game\Game_sfml\Project_Game\bot1.cpp(563,22): warning C4305: '=': truncation from 'double' to 'float'
C:\Users\ppbas\OneDrive\Desktop\62010602\SourceCode\Project_Game\Game_sfml\Project_Game\bot1.cpp(577,19): warning C4305: '=': truncation from 'double' to 'float'
C:\Users\ppbas\OneDrive\Desktop\62010602\SourceCode\Project_Game\Game_sfml\Project_Game\bot1.cpp(581,23): warning C4305: '=': truncation from 'double' to 'float'
C:\Users\ppbas\OneDrive\Desktop\62010602\SourceCode\Project_Game\Game_sfml\Project_Game\bot1.cpp(605,29): warning C4244: 'argument': conversion from 'int' to 'float', possible loss of data
C:\Users\ppbas\OneDrive\Desktop\62010602\SourceCode\Project_Game\Game_sfml\Project_Game\bot1.cpp(605,23): warning C4244: 'argument': conversion from 'int' to 'float', possible loss of data
C:\Users\ppbas\OneDrive\Desktop\62010602\SourceCode\Project_Game\Game_sfml\Project_Game\bot1.cpp(607,24): warning C4244: 'argument': conversion from 'int' to 'float', possible loss of data
C:\Users\ppbas\OneDrive\Desktop\62010602\SourceCode\Project_Game\Game_sfml\Project_Game\bot1.cpp(607,19): warning C4244: 'argument': conversion from 'int' to 'float', possible loss of data
C:\Users\ppbas\OneDrive\Desktop\62010602\SourceCode\Project_Game\Game_sfml\Project_Game\bot1.cpp(609,29): warning C4244: 'argument': conversion from 'int' to 'float', possible loss of data
C:\Users\ppbas\OneDrive\Desktop\62010602\SourceCode\Project_Game\Game_sfml\Project_Game\bot1.cpp(609,23): warning C4244: 'argument': conversion from 'int' to 'float', possible loss of data
C:\Users\ppbas\OneDrive\Desktop\62010602\SourceCode\Project_Game\Game_sfml\Project_Game\bot1.cpp(611,24): warning C4244: 'argument': conversion from 'int' to 'float', possible loss of data
C:\Users\ppbas\OneDrive\Desktop\62010602\SourceCode\Project_Game\Game_sfml\Project_Game\bot1.cpp(611,19): warning C4244: 'argument': conversion from 'int' to 'float', possible loss of data
C:\Users\ppbas\OneDrive\Desktop\62010602\SourceCode\Project_Game\Game_sfml\Project_Game\bot1.cpp(615,50): warning C4244: 'argument': conversion from 'int' to 'float', possible loss of data
C:\Users\ppbas\OneDrive\Desktop\62010602\SourceCode\Project_Game\Game_sfml\Project_Game\bot1.cpp(615,25): warning C4244: 'argument': conversion from 'int' to 'float', possible loss of data
C:\Users\ppbas\OneDrive\Desktop\62010602\SourceCode\Project_Game\Game_sfml\Project_Game\bot2.cpp(21,27): warning C4244: 'initializing': conversion from 'int' to 'float', possible loss of data
C:\Users\ppbas\OneDrive\Desktop\62010602\SourceCode\Project_Game\Game_sfml\Project_Game\bot2.cpp(116,12): warning C4244: 'argument': conversion from 'time_t' to 'unsigned int', possible loss of data
C:\Users\ppbas\OneDrive\Desktop\62010602\SourceCode\Project_Game\Game_sfml\Project_Game\bot2.cpp(117,22): warning C4244: '=': conversion from 'int' to 'float', possible loss of data
C:\Users\ppbas\OneDrive\Desktop\62010602\SourceCode\Project_Game\Game_sfml\Project_Game\bot2.cpp(126,22): warning C4244: 'argument': conversion from 'int' to 'float', possible loss of data
C:\Users\ppbas\OneDrive\Desktop\62010602\SourceCode\Project_Game\Game_sfml\Project_Game\bot2.cpp(126,19): warning C4244: 'argument': conversion from 'int' to 'float', possible loss of data
C:\Users\ppbas\OneDrive\Desktop\62010602\SourceCode\Project_Game\Game_sfml\Project_Game\bot2.cpp(175,17): warning C4244: 'argument': conversion from 'time_t' to 'unsigned int', possible loss of data
C:\Users\ppbas\OneDrive\Desktop\62010602\SourceCode\Project_Game\Game_sfml\Project_Game\bot2.cpp(271,16): warning C4244: '=': conversion from 'int' to 'float', possible loss of data
C:\Users\ppbas\OneDrive\Desktop\62010602\SourceCode\Project_Game\Game_sfml\Project_Game\bot2.cpp(272,33): warning C4244: 'argument': conversion from 'int' to 'float', possible loss of data
C:\Users\ppbas\OneDrive\Desktop\62010602\SourceCode\Project_Game\Game_sfml\Project_Game\bot2.cpp(320,39): warning C4244: 'argument': conversion from 'int' to 'float', possible loss of data
C:\Users\ppbas\OneDrive\Desktop\62010602\SourceCode\Project_Game\Game_sfml\Project_Game\bot2.cpp(323,68): warning C4244: 'argument': conversion from 'int' to 'float', possible loss of data
C:\Users\ppbas\OneDrive\Desktop\62010602\SourceCode\Project_Game\Game_sfml\Project_Game\bot2.cpp(344,22): warning C4244: '=': conversion from 'float' to 'int', possible loss of data
C:\Users\ppbas\OneDrive\Desktop\62010602\SourceCode\Project_Game\Game_sfml\Project_Game\bot2.cpp(368,30): warning C4244: '=': conversion from 'const T' to 'int', possible loss of data
C:\Users\ppbas\OneDrive\Desktop\62010602\SourceCode\Project_Game\Game_sfml\Project_Game\bot2.cpp(368,30): warning C4244:         with
C:\Users\ppbas\OneDrive\Desktop\62010602\SourceCode\Project_Game\Game_sfml\Project_Game\bot2.cpp(368,30): warning C4244:         [
C:\Users\ppbas\OneDrive\Desktop\62010602\SourceCode\Project_Game\Game_sfml\Project_Game\bot2.cpp(368,30): warning C4244:             T=float
C:\Users\ppbas\OneDrive\Desktop\62010602\SourceCode\Project_Game\Game_sfml\Project_Game\bot2.cpp(368,30): warning C4244:         ]
C:\Users\ppbas\OneDrive\Desktop\62010602\SourceCode\Project_Game\Game_sfml\Project_Game\bot2.cpp(369,30): warning C4244: '=': conversion from 'const T' to 'int', possible loss of data
C:\Users\ppbas\OneDrive\Desktop\62010602\SourceCode\Project_Game\Game_sfml\Project_Game\bot2.cpp(369,30): warning C4244:         with
C:\Users\ppbas\OneDrive\Desktop\62010602\SourceCode\Project_Game\Game_sfml\Project_Game\bot2.cpp(369,30): warning C4244:         [
C:\Users\ppbas\OneDrive\Desktop\62010602\SourceCode\Project_Game\Game_sfml\Project_Game\bot2.cpp(369,30): warning C4244:             T=float
C:\Users\ppbas\OneDrive\Desktop\62010602\SourceCode\Project_Game\Game_sfml\Project_Game\bot2.cpp(369,30): warning C4244:         ]
C:\Users\ppbas\OneDrive\Desktop\62010602\SourceCode\Project_Game\Game_sfml\Project_Game\bot2.cpp(388,76): warning C4244: 'argument': conversion from 'int' to 'float', possible loss of data
C:\Users\ppbas\OneDrive\Desktop\62010602\SourceCode\Project_Game\Game_sfml\Project_Game\bot2.cpp(417,76): warning C4244: 'argument': conversion from 'int' to 'float', possible loss of data
C:\Users\ppbas\OneDrive\Desktop\62010602\SourceCode\Project_Game\Game_sfml\Project_Game\bot2.cpp(446,20): warning C4244: '=': conversion from 'float' to 'int', possible loss of data
C:\Users\ppbas\OneDrive\Desktop\62010602\SourceCode\Project_Game\Game_sfml\Project_Game\bot2.cpp(548,60): warning C4244: 'argument': conversion from 'int' to 'float', possible loss of data
C:\Users\ppbas\OneDrive\Desktop\62010602\SourceCode\Project_Game\Game_sfml\Project_Game\bot2.cpp(556,60): warning C4244: 'argument': conversion from 'int' to 'float', possible loss of data
C:\Users\ppbas\OneDrive\Desktop\62010602\SourceCode\Project_Game\Game_sfml\Project_Game\bot2.cpp(557,17): warning C4244: 'initializing': conversion from 'const T' to 'int', possible loss of data
C:\Users\ppbas\OneDrive\Desktop\62010602\SourceCode\Project_Game\Game_sfml\Project_Game\bot2.cpp(557,17): warning C4244:         with
C:\Users\ppbas\OneDrive\Desktop\62010602\SourceCode\Project_Game\Game_sfml\Project_Game\bot2.cpp(557,17): warning C4244:         [
C:\Users\ppbas\OneDrive\Desktop\62010602\SourceCode\Project_Game\Game_sfml\Project_Game\bot2.cpp(557,17): warning C4244:             T=float
C:\Users\ppbas\OneDrive\Desktop\62010602\SourceCode\Project_Game\Game_sfml\Project_Game\bot2.cpp(557,17): warning C4244:         ]
C:\Users\ppbas\OneDrive\Desktop\62010602\SourceCode\Project_Game\Game_sfml\Project_Game\bot2.cpp(578,23): warning C4244: '=': conversion from 'float' to 'int', possible loss of data
C:\Users\ppbas\OneDrive\Desktop\62010602\SourceCode\Project_Game\Game_sfml\Project_Game\bot2.cpp(579,26): warning C4244: '=': conversion from 'float' to 'int', possible loss of data
C:\Users\ppbas\OneDrive\Desktop\62010602\SourceCode\Project_Game\Game_sfml\Project_Game\bot2.cpp(649,24): warning C4305: '=': truncation from 'double' to 'float'
C:\Users\ppbas\OneDrive\Desktop\62010602\SourceCode\Project_Game\Game_sfml\Project_Game\bot2.cpp(663,19): warning C4305: '=': truncation from 'double' to 'float'
C:\Users\ppbas\OneDrive\Desktop\62010602\SourceCode\Project_Game\Game_sfml\Project_Game\bot2.cpp(667,23): warning C4305: '=': truncation from 'double' to 'float'
C:\Users\ppbas\OneDrive\Desktop\62010602\SourceCode\Project_Game\Game_sfml\Project_Game\bot2.cpp(689,29): warning C4244: 'argument': conversion from 'int' to 'float', possible loss of data
C:\Users\ppbas\OneDrive\Desktop\62010602\SourceCode\Project_Game\Game_sfml\Project_Game\bot2.cpp(689,23): warning C4244: 'argument': conversion from 'int' to 'float', possible loss of data
C:\Users\ppbas\OneDrive\Desktop\62010602\SourceCode\Project_Game\Game_sfml\Project_Game\bot2.cpp(691,24): warning C4244: 'argument': conversion from 'int' to 'float', possible loss of data
C:\Users\ppbas\OneDrive\Desktop\62010602\SourceCode\Project_Game\Game_sfml\Project_Game\bot2.cpp(691,19): warning C4244: 'argument': conversion from 'int' to 'float', possible loss of data
C:\Users\ppbas\OneDrive\Desktop\62010602\SourceCode\Project_Game\Game_sfml\Project_Game\bot2.cpp(693,29): warning C4244: 'argument': conversion from 'int' to 'float', possible loss of data
C:\Users\ppbas\OneDrive\Desktop\62010602\SourceCode\Project_Game\Game_sfml\Project_Game\bot2.cpp(693,23): warning C4244: 'argument': conversion from 'int' to 'float', possible loss of data
C:\Users\ppbas\OneDrive\Desktop\62010602\SourceCode\Project_Game\Game_sfml\Project_Game\bot2.cpp(695,24): warning C4244: 'argument': conversion from 'int' to 'float', possible loss of data
C:\Users\ppbas\OneDrive\Desktop\62010602\SourceCode\Project_Game\Game_sfml\Project_Game\bot2.cpp(695,19): warning C4244: 'argument': conversion from 'int' to 'float', possible loss of data
C:\Users\ppbas\OneDrive\Desktop\62010602\SourceCode\Project_Game\Game_sfml\Project_Game\bot2.cpp(699,50): warning C4244: 'argument': conversion from 'int' to 'float', possible loss of data
C:\Users\ppbas\OneDrive\Desktop\62010602\SourceCode\Project_Game\Game_sfml\Project_Game\bot2.cpp(699,25): warning C4244: 'argument': conversion from 'int' to 'float', possible loss of data
C:\Users\ppbas\OneDrive\Desktop\62010602\SourceCode\Project_Game\Game_sfml\Project_Game\bot2.cpp(706,21): warning C4244: 'argument': conversion from 'int' to 'float', possible loss of data
C:\Users\ppbas\OneDrive\Desktop\62010602\SourceCode\Project_Game\Game_sfml\Project_Game\bot2.cpp(709,19): warning C4244: 'argument': conversion from 'int' to 'float', possible loss of data
C:\Users\ppbas\OneDrive\Desktop\62010602\SourceCode\Project_Game\Game_sfml\Project_Game\bot3.cpp(32,28): warning C4305: 'initializing': truncation from 'double' to 'float'
C:\Users\ppbas\OneDrive\Desktop\62010602\SourceCode\Project_Game\Game_sfml\Project_Game\bot3.cpp(127,22): warning C4244: 'argument': conversion from 'int' to 'float', possible loss of data
C:\Users\ppbas\OneDrive\Desktop\62010602\SourceCode\Project_Game\Game_sfml\Project_Game\bot3.cpp(127,19): warning C4244: 'argument': conversion from 'int' to 'float', possible loss of data
C:\Users\ppbas\OneDrive\Desktop\62010602\SourceCode\Project_Game\Game_sfml\Project_Game\bot3.cpp(181,16): warning C4244: 'argument': conversion from 'time_t' to 'unsigned int', possible loss of data
C:\Users\ppbas\OneDrive\Desktop\62010602\SourceCode\Project_Game\Game_sfml\Project_Game\bot3.cpp(186,17): warning C4244: 'argument': conversion from 'time_t' to 'unsigned int', possible loss of data
C:\Users\ppbas\OneDrive\Desktop\62010602\SourceCode\Project_Game\Game_sfml\Project_Game\bot3.cpp(248,19): warning C4244: 'argument': conversion from 'int' to 'float', possible loss of data
C:\Users\ppbas\OneDrive\Desktop\62010602\SourceCode\Project_Game\Game_sfml\Project_Game\bot3.cpp(265,20): warning C4244: 'argument': conversion from 'int' to 'float', possible loss of data
C:\Users\ppbas\OneDrive\Desktop\62010602\SourceCode\Project_Game\Game_sfml\Project_Game\bot3.cpp(274,26): warning C4244: '=': conversion from 'int' to 'float', possible loss of data
C:\Users\ppbas\OneDrive\Desktop\62010602\SourceCode\Project_Game\Game_sfml\Project_Game\bot3.cpp(277,15): warning C4244: '=': conversion from 'int' to 'float', possible loss of data
C:\Users\ppbas\OneDrive\Desktop\62010602\SourceCode\Project_Game\Game_sfml\Project_Game\bot3.cpp(278,30): warning C4244: 'argument': conversion from 'int' to 'float', possible loss of data
C:\Users\ppbas\OneDrive\Desktop\62010602\SourceCode\Project_Game\Game_sfml\Project_Game\bot3.cpp(296,20): warning C4244: 'argument': conversion from 'int' to 'float', possible loss of data
C:\Users\ppbas\OneDrive\Desktop\62010602\SourceCode\Project_Game\Game_sfml\Project_Game\bot3.cpp(350,32): warning C4244: 'argument': conversion from 'int' to 'float', possible loss of data
C:\Users\ppbas\OneDrive\Desktop\62010602\SourceCode\Project_Game\Game_sfml\Project_Game\bot3.cpp(365,68): warning C4244: 'argument': conversion from 'int' to 'float', possible loss of data
C:\Users\ppbas\OneDrive\Desktop\62010602\SourceCode\Project_Game\Game_sfml\Project_Game\bot3.cpp(388,22): warning C4244: '=': conversion from 'float' to 'int', possible loss of data
C:\Users\ppbas\OneDrive\Desktop\62010602\SourceCode\Project_Game\Game_sfml\Project_Game\bot3.cpp(412,30): warning C4244: '=': conversion from 'const T' to 'int', possible loss of data
C:\Users\ppbas\OneDrive\Desktop\62010602\SourceCode\Project_Game\Game_sfml\Project_Game\bot3.cpp(412,30): warning C4244:         with
C:\Users\ppbas\OneDrive\Desktop\62010602\SourceCode\Project_Game\Game_sfml\Project_Game\bot3.cpp(412,30): warning C4244:         [
C:\Users\ppbas\OneDrive\Desktop\62010602\SourceCode\Project_Game\Game_sfml\Project_Game\bot3.cpp(412,30): warning C4244:             T=float
C:\Users\ppbas\OneDrive\Desktop\62010602\SourceCode\Project_Game\Game_sfml\Project_Game\bot3.cpp(412,30): warning C4244:         ]
C:\Users\ppbas\OneDrive\Desktop\62010602\SourceCode\Project_Game\Game_sfml\Project_Game\bot3.cpp(413,30): warning C4244: '=': conversion from 'const T' to 'int', possible loss of data
C:\Users\ppbas\OneDrive\Desktop\62010602\SourceCode\Project_Game\Game_sfml\Project_Game\bot3.cpp(413,30): warning C4244:         with
C:\Users\ppbas\OneDrive\Desktop\62010602\SourceCode\Project_Game\Game_sfml\Project_Game\bot3.cpp(413,30): warning C4244:         [
C:\Users\ppbas\OneDrive\Desktop\62010602\SourceCode\Project_Game\Game_sfml\Project_Game\bot3.cpp(413,30): warning C4244:             T=float
C:\Users\ppbas\OneDrive\Desktop\62010602\SourceCode\Project_Game\Game_sfml\Project_Game\bot3.cpp(413,30): warning C4244:         ]
C:\Users\ppbas\OneDrive\Desktop\62010602\SourceCode\Project_Game\Game_sfml\Project_Game\bot3.cpp(421,17): warning C4244: '=': conversion from 'float' to 'int', possible loss of data
C:\Users\ppbas\OneDrive\Desktop\62010602\SourceCode\Project_Game\Game_sfml\Project_Game\bot3.cpp(479,49): warning C4244: 'argument': conversion from 'int' to 'float', possible loss of data
C:\Users\ppbas\OneDrive\Desktop\62010602\SourceCode\Project_Game\Game_sfml\Project_Game\bot3.cpp(479,25): warning C4244: 'argument': conversion from 'int' to 'float', possible loss of data
C:\Users\ppbas\OneDrive\Desktop\62010602\SourceCode\Project_Game\Game_sfml\Project_Game\bot3.cpp(496,77): warning C4244: 'argument': conversion from 'int' to 'float', possible loss of data
C:\Users\ppbas\OneDrive\Desktop\62010602\SourceCode\Project_Game\Game_sfml\Project_Game\bot3.cpp(525,77): warning C4244: 'argument': conversion from 'int' to 'float', possible loss of data
C:\Users\ppbas\OneDrive\Desktop\62010602\SourceCode\Project_Game\Game_sfml\Project_Game\bot3.cpp(588,60): warning C4244: 'argument': conversion from 'int' to 'float', possible loss of data
C:\Users\ppbas\OneDrive\Desktop\62010602\SourceCode\Project_Game\Game_sfml\Project_Game\bot3.cpp(596,60): warning C4244: 'argument': conversion from 'int' to 'float', possible loss of data
C:\Users\ppbas\OneDrive\Desktop\62010602\SourceCode\Project_Game\Game_sfml\Project_Game\bot3.cpp(597,17): warning C4244: 'initializing': conversion from 'const T' to 'int', possible loss of data
C:\Users\ppbas\OneDrive\Desktop\62010602\SourceCode\Project_Game\Game_sfml\Project_Game\bot3.cpp(597,17): warning C4244:         with
C:\Users\ppbas\OneDrive\Desktop\62010602\SourceCode\Project_Game\Game_sfml\Project_Game\bot3.cpp(597,17): warning C4244:         [
C:\Users\ppbas\OneDrive\Desktop\62010602\SourceCode\Project_Game\Game_sfml\Project_Game\bot3.cpp(597,17): warning C4244:             T=float
C:\Users\ppbas\OneDrive\Desktop\62010602\SourceCode\Project_Game\Game_sfml\Project_Game\bot3.cpp(597,17): warning C4244:         ]
C:\Users\ppbas\OneDrive\Desktop\62010602\SourceCode\Project_Game\Game_sfml\Project_Game\bot3.cpp(618,26): warning C4244: '=': conversion from 'float' to 'int', possible loss of data
C:\Users\ppbas\OneDrive\Desktop\62010602\SourceCode\Project_Game\Game_sfml\Project_Game\bot3.cpp(619,23): warning C4244: '=': conversion from 'float' to 'int', possible loss of data
C:\Users\ppbas\OneDrive\Desktop\62010602\SourceCode\Project_Game\Game_sfml\Project_Game\bot3.cpp(690,24): warning C4305: '=': truncation from 'double' to 'float'
C:\Users\ppbas\OneDrive\Desktop\62010602\SourceCode\Project_Game\Game_sfml\Project_Game\bot3.cpp(705,19): warning C4305: '=': truncation from 'double' to 'float'
C:\Users\ppbas\OneDrive\Desktop\62010602\SourceCode\Project_Game\Game_sfml\Project_Game\bot3.cpp(709,25): warning C4305: '=': truncation from 'double' to 'float'
C:\Users\ppbas\OneDrive\Desktop\62010602\SourceCode\Project_Game\Game_sfml\Project_Game\bot3.cpp(740,50): warning C4244: 'argument': conversion from 'int' to 'float', possible loss of data
C:\Users\ppbas\OneDrive\Desktop\62010602\SourceCode\Project_Game\Game_sfml\Project_Game\bot3.cpp(740,25): warning C4244: 'argument': conversion from 'int' to 'float', possible loss of data
C:\Users\ppbas\OneDrive\Desktop\62010602\SourceCode\Project_Game\Game_sfml\Project_Game\gpui.cpp(151,23): warning C4244: '=': conversion from 'int' to 'float', possible loss of data
C:\Users\ppbas\OneDrive\Desktop\62010602\SourceCode\Project_Game\Game_sfml\Project_Game\gpui.cpp(152,28): warning C4244: '=': conversion from 'int' to 'float', possible loss of data
C:\Users\ppbas\OneDrive\Desktop\62010602\SourceCode\Project_Game\Game_sfml\Project_Game\gpui.cpp(154,30): warning C4244: '=': conversion from 'int' to 'float', possible loss of data
C:\Users\ppbas\OneDrive\Desktop\62010602\SourceCode\Project_Game\Game_sfml\Project_Game\gpui.cpp(197,30): warning C4244: 'argument': conversion from 'int' to 'float', possible loss of data
C:\Users\ppbas\OneDrive\Desktop\62010602\SourceCode\Project_Game\Game_sfml\Project_Game\gpui.cpp(198,33): warning C4244: 'argument': conversion from 'int' to 'float', possible loss of data
C:\Users\ppbas\OneDrive\Desktop\62010602\SourceCode\Project_Game\Game_sfml\Project_Game\gpui.cpp(199,32): warning C4244: 'argument': conversion from 'int' to 'float', possible loss of data
C:\Users\ppbas\OneDrive\Desktop\62010602\SourceCode\Project_Game\Game_sfml\Project_Game\gpui.cpp(200,32): warning C4244: 'argument': conversion from 'int' to 'float', possible loss of data
C:\Users\ppbas\OneDrive\Desktop\62010602\SourceCode\Project_Game\Game_sfml\Project_Game\gpui.cpp(201,32): warning C4244: 'argument': conversion from 'int' to 'float', possible loss of data
C:\Users\ppbas\OneDrive\Desktop\62010602\SourceCode\Project_Game\Game_sfml\Project_Game\gpui.cpp(202,32): warning C4244: 'argument': conversion from 'int' to 'float', possible loss of data
C:\Users\ppbas\OneDrive\Desktop\62010602\SourceCode\Project_Game\Game_sfml\Project_Game\gpui.cpp(203,37): warning C4244: 'argument': conversion from 'int' to 'float', possible loss of data
C:\Users\ppbas\OneDrive\Desktop\62010602\SourceCode\Project_Game\Game_sfml\Project_Game\gpui.cpp(204,33): warning C4244: 'argument': conversion from 'int' to 'float', possible loss of data
C:\Users\ppbas\OneDrive\Desktop\62010602\SourceCode\Project_Game\Game_sfml\Project_Game\gpui.cpp(205,34): warning C4244: 'argument': conversion from 'int' to 'float', possible loss of data
C:\Users\ppbas\OneDrive\Desktop\62010602\SourceCode\Project_Game\Game_sfml\Project_Game\gpui.cpp(206,34): warning C4244: 'argument': conversion from 'int' to 'float', possible loss of data
C:\Users\ppbas\OneDrive\Desktop\62010602\SourceCode\Project_Game\Game_sfml\Project_Game\gpui.cpp(207,35): warning C4244: 'argument': conversion from 'int' to 'float', possible loss of data
C:\Users\ppbas\OneDrive\Desktop\62010602\SourceCode\Project_Game\Game_sfml\Project_Game\gpui.cpp(208,32): warning C4244: 'argument': conversion from 'int' to 'float', possible loss of data
C:\Users\ppbas\OneDrive\Desktop\62010602\SourceCode\Project_Game\Game_sfml\Project_Game\gpui.cpp(209,32): warning C4244: 'argument': conversion from 'int' to 'float', possible loss of data
C:\Users\ppbas\OneDrive\Desktop\62010602\SourceCode\Project_Game\Game_sfml\Project_Game\gpui.cpp(210,32): warning C4244: 'argument': conversion from 'int' to 'float', possible loss of data
C:\Users\ppbas\OneDrive\Desktop\62010602\SourceCode\Project_Game\Game_sfml\Project_Game\gpui.cpp(211,32): warning C4244: 'argument': conversion from 'int' to 'float', possible loss of data
C:\Users\ppbas\OneDrive\Desktop\62010602\SourceCode\Project_Game\Game_sfml\Project_Game\gpui.cpp(233,34): warning C4244: 'argument': conversion from 'int' to 'float', possible loss of data
C:\Users\ppbas\OneDrive\Desktop\62010602\SourceCode\Project_Game\Game_sfml\Project_Game\gpui.cpp(234,34): warning C4244: 'argument': conversion from 'int' to 'float', possible loss of data
C:\Users\ppbas\OneDrive\Desktop\62010602\SourceCode\Project_Game\Game_sfml\Project_Game\gpui.cpp(235,33): warning C4244: 'argument': conversion from 'int' to 'float', possible loss of data
C:\Users\ppbas\OneDrive\Desktop\62010602\SourceCode\Project_Game\Game_sfml\Project_Game\gpui.cpp(236,33): warning C4244: 'argument': conversion from 'int' to 'float', possible loss of data
C:\Users\ppbas\OneDrive\Desktop\62010602\SourceCode\Project_Game\Game_sfml\Project_Game\gpui.cpp(237,33): warning C4244: 'argument': conversion from 'int' to 'float', possible loss of data
C:\Users\ppbas\OneDrive\Desktop\62010602\SourceCode\Project_Game\Game_sfml\Project_Game\gpui.cpp(238,33): warning C4244: 'argument': conversion from 'int' to 'float', possible loss of data
C:\Users\ppbas\OneDrive\Desktop\62010602\SourceCode\Project_Game\Game_sfml\Project_Game\gpui.cpp(239,38): warning C4244: 'argument': conversion from 'int' to 'float', possible loss of data
C:\Users\ppbas\OneDrive\Desktop\62010602\SourceCode\Project_Game\Game_sfml\Project_Game\gpui.cpp(240,34): warning C4244: 'argument': conversion from 'int' to 'float', possible loss of data
C:\Users\ppbas\OneDrive\Desktop\62010602\SourceCode\Project_Game\Game_sfml\Project_Game\gpui.cpp(241,35): warning C4244: 'argument': conversion from 'int' to 'float', possible loss of data
C:\Users\ppbas\OneDrive\Desktop\62010602\SourceCode\Project_Game\Game_sfml\Project_Game\gpui.cpp(242,35): warning C4244: 'argument': conversion from 'int' to 'float', possible loss of data
C:\Users\ppbas\OneDrive\Desktop\62010602\SourceCode\Project_Game\Game_sfml\Project_Game\gpui.cpp(243,36): warning C4244: 'argument': conversion from 'int' to 'float', possible loss of data
C:\Users\ppbas\OneDrive\Desktop\62010602\SourceCode\Project_Game\Game_sfml\Project_Game\gpui.cpp(244,33): warning C4244: 'argument': conversion from 'int' to 'float', possible loss of data
C:\Users\ppbas\OneDrive\Desktop\62010602\SourceCode\Project_Game\Game_sfml\Project_Game\gpui.cpp(245,33): warning C4244: 'argument': conversion from 'int' to 'float', possible loss of data
C:\Users\ppbas\OneDrive\Desktop\62010602\SourceCode\Project_Game\Game_sfml\Project_Game\gpui.cpp(246,33): warning C4244: 'argument': conversion from 'int' to 'float', possible loss of data
C:\Users\ppbas\OneDrive\Desktop\62010602\SourceCode\Project_Game\Game_sfml\Project_Game\gpui.cpp(247,33): warning C4244: 'argument': conversion from 'int' to 'float', possible loss of data
C:\Users\ppbas\OneDrive\Desktop\62010602\SourceCode\Project_Game\Game_sfml\Project_Game\gpui.cpp(400,24): warning C4244: 'argument': conversion from 'int' to 'float', possible loss of data
C:\Users\ppbas\OneDrive\Desktop\62010602\SourceCode\Project_Game\Game_sfml\Project_Game\gpui.cpp(401,73): warning C4244: 'argument': conversion from 'float' to 'sf::Uint8', possible loss of data
C:\Users\ppbas\OneDrive\Desktop\62010602\SourceCode\Project_Game\Game_sfml\Project_Game\object.cpp(37,12): warning C4244: 'argument': conversion from 'time_t' to 'unsigned int', possible loss of data
C:\Users\ppbas\OneDrive\Desktop\62010602\SourceCode\Project_Game\Game_sfml\Project_Game\button.cpp(46,16): warning C4244: '=': conversion from 'int' to 'float', possible loss of data
C:\Users\ppbas\OneDrive\Desktop\62010602\SourceCode\Project_Game\Game_sfml\Project_Game\button.cpp(47,16): warning C4244: '=': conversion from 'int' to 'float', possible loss of data
C:\Users\ppbas\OneDrive\Desktop\62010602\SourceCode\Project_Game\Game_sfml\Project_Game\button.cpp(60,22): warning C4244: 'argument': conversion from 'int' to 'float', possible loss of data
C:\Users\ppbas\OneDrive\Desktop\62010602\SourceCode\Project_Game\Game_sfml\Project_Game\button.cpp(60,19): warning C4244: 'argument': conversion from 'int' to 'float', possible loss of data
C:\Users\ppbas\OneDrive\Desktop\62010602\SourceCode\Project_Game\Game_sfml\Project_Game\button.cpp(62,31): warning C4244: '=': conversion from 'T' to 'int', possible loss of data
C:\Users\ppbas\OneDrive\Desktop\62010602\SourceCode\Project_Game\Game_sfml\Project_Game\button.cpp(62,31): warning C4244:         with
C:\Users\ppbas\OneDrive\Desktop\62010602\SourceCode\Project_Game\Game_sfml\Project_Game\button.cpp(62,31): warning C4244:         [
C:\Users\ppbas\OneDrive\Desktop\62010602\SourceCode\Project_Game\Game_sfml\Project_Game\button.cpp(62,31): warning C4244:             T=float
C:\Users\ppbas\OneDrive\Desktop\62010602\SourceCode\Project_Game\Game_sfml\Project_Game\button.cpp(62,31): warning C4244:         ]
C:\Users\ppbas\OneDrive\Desktop\62010602\SourceCode\Project_Game\Game_sfml\Project_Game\button.cpp(63,31): warning C4244: '=': conversion from 'T' to 'int', possible loss of data
C:\Users\ppbas\OneDrive\Desktop\62010602\SourceCode\Project_Game\Game_sfml\Project_Game\button.cpp(63,31): warning C4244:         with
C:\Users\ppbas\OneDrive\Desktop\62010602\SourceCode\Project_Game\Game_sfml\Project_Game\button.cpp(63,31): warning C4244:         [
C:\Users\ppbas\OneDrive\Desktop\62010602\SourceCode\Project_Game\Game_sfml\Project_Game\button.cpp(63,31): warning C4244:             T=float
C:\Users\ppbas\OneDrive\Desktop\62010602\SourceCode\Project_Game\Game_sfml\Project_Game\button.cpp(63,31): warning C4244:         ]
C:\Users\ppbas\OneDrive\Desktop\62010602\SourceCode\Project_Game\Game_sfml\Project_Game\button.cpp(64,31): warning C4244: '=': conversion from 'T' to 'int', possible loss of data
C:\Users\ppbas\OneDrive\Desktop\62010602\SourceCode\Project_Game\Game_sfml\Project_Game\button.cpp(64,31): warning C4244:         with
C:\Users\ppbas\OneDrive\Desktop\62010602\SourceCode\Project_Game\Game_sfml\Project_Game\button.cpp(64,31): warning C4244:         [
C:\Users\ppbas\OneDrive\Desktop\62010602\SourceCode\Project_Game\Game_sfml\Project_Game\button.cpp(64,31): warning C4244:             T=float
C:\Users\ppbas\OneDrive\Desktop\62010602\SourceCode\Project_Game\Game_sfml\Project_Game\button.cpp(64,31): warning C4244:         ]
C:\Users\ppbas\OneDrive\Desktop\62010602\SourceCode\Project_Game\Game_sfml\Project_Game\button.cpp(65,31): warning C4244: '=': conversion from 'T' to 'int', possible loss of data
C:\Users\ppbas\OneDrive\Desktop\62010602\SourceCode\Project_Game\Game_sfml\Project_Game\button.cpp(65,31): warning C4244:         with
C:\Users\ppbas\OneDrive\Desktop\62010602\SourceCode\Project_Game\Game_sfml\Project_Game\button.cpp(65,31): warning C4244:         [
C:\Users\ppbas\OneDrive\Desktop\62010602\SourceCode\Project_Game\Game_sfml\Project_Game\button.cpp(65,31): warning C4244:             T=float
C:\Users\ppbas\OneDrive\Desktop\62010602\SourceCode\Project_Game\Game_sfml\Project_Game\button.cpp(65,31): warning C4244:         ]
C:\Users\ppbas\OneDrive\Desktop\62010602\SourceCode\Project_Game\Game_sfml\Project_Game\main.cpp(207,39): warning C4244: '=': conversion from 'T' to 'float', possible loss of data
C:\Users\ppbas\OneDrive\Desktop\62010602\SourceCode\Project_Game\Game_sfml\Project_Game\main.cpp(207,39): warning C4244:         with
C:\Users\ppbas\OneDrive\Desktop\62010602\SourceCode\Project_Game\Game_sfml\Project_Game\main.cpp(207,39): warning C4244:         [
C:\Users\ppbas\OneDrive\Desktop\62010602\SourceCode\Project_Game\Game_sfml\Project_Game\main.cpp(207,39): warning C4244:             T=int
C:\Users\ppbas\OneDrive\Desktop\62010602\SourceCode\Project_Game\Game_sfml\Project_Game\main.cpp(207,39): warning C4244:         ]
C:\Users\ppbas\OneDrive\Desktop\62010602\SourceCode\Project_Game\Game_sfml\Project_Game\main.cpp(208,39): warning C4244: '=': conversion from 'T' to 'float', possible loss of data
C:\Users\ppbas\OneDrive\Desktop\62010602\SourceCode\Project_Game\Game_sfml\Project_Game\main.cpp(208,39): warning C4244:         with
C:\Users\ppbas\OneDrive\Desktop\62010602\SourceCode\Project_Game\Game_sfml\Project_Game\main.cpp(208,39): warning C4244:         [
C:\Users\ppbas\OneDrive\Desktop\62010602\SourceCode\Project_Game\Game_sfml\Project_Game\main.cpp(208,39): warning C4244:             T=int
C:\Users\ppbas\OneDrive\Desktop\62010602\SourceCode\Project_Game\Game_sfml\Project_Game\main.cpp(208,39): warning C4244:         ]
C:\Users\ppbas\OneDrive\Desktop\62010602\SourceCode\Project_Game\Game_sfml\Project_Game\main.cpp(431,15): warning C4244: 'argument': conversion from 'time_t' to 'unsigned int', possible loss of data
C:\Users\ppbas\OneDrive\Desktop\62010602\SourceCode\Project_Game\Game_sfml\Project_Game\main.cpp(615,18): warning C4244: 'initializing': conversion from 'float' to 'int', possible loss of data
C:\Users\ppbas\OneDrive\Desktop\62010602\SourceCode\Project_Game\Game_sfml\Project_Game\main.cpp(617,33): warning C4244: 'argument': conversion from 'int' to 'float', possible loss of data
C:\Users\ppbas\OneDrive\Desktop\62010602\SourceCode\Project_Game\Game_sfml\Project_Game\main.cpp(618,24): warning C4244: 'argument': conversion from 'int' to 'float', possible loss of data
C:\Users\ppbas\OneDrive\Desktop\62010602\SourceCode\Project_Game\Game_sfml\Project_Game\main.cpp(619,23): warning C4244: 'argument': conversion from 'int' to 'float', possible loss of data
C:\Users\ppbas\OneDrive\Desktop\62010602\SourceCode\Project_Game\Game_sfml\Project_Game\main.cpp(620,24): warning C4244: 'argument': conversion from 'int' to 'float', possible loss of data
C:\Users\ppbas\OneDrive\Desktop\62010602\SourceCode\Project_Game\Game_sfml\Project_Game\main.cpp(621,32): warning C4244: 'argument': conversion from 'int' to 'float', possible loss of data
C:\Users\ppbas\OneDrive\Desktop\62010602\SourceCode\Project_Game\Game_sfml\Project_Game\main.cpp(624,49): warning C4244: 'argument': conversion from 'int' to 'float', possible loss of data
C:\Users\ppbas\OneDrive\Desktop\62010602\SourceCode\Project_Game\Game_sfml\Project_Game\main.cpp(625,52): warning C4244: 'argument': conversion from 'int' to 'float', possible loss of data
C:\Users\ppbas\OneDrive\Desktop\62010602\SourceCode\Project_Game\Game_sfml\Project_Game\main.cpp(630,49): warning C4244: 'argument': conversion from 'int' to 'float', possible loss of data
C:\Users\ppbas\OneDrive\Desktop\62010602\SourceCode\Project_Game\Game_sfml\Project_Game\main.cpp(631,52): warning C4244: 'argument': conversion from 'int' to 'float', possible loss of data
C:\Users\ppbas\OneDrive\Desktop\62010602\SourceCode\Project_Game\Game_sfml\Project_Game\main.cpp(632,50): warning C4244: 'argument': conversion from 'int' to 'float', possible loss of data
C:\Users\ppbas\OneDrive\Desktop\62010602\SourceCode\Project_Game\Game_sfml\Project_Game\main.cpp(637,48): warning C4244: 'argument': conversion from 'int' to 'float', possible loss of data
C:\Users\ppbas\OneDrive\Desktop\62010602\SourceCode\Project_Game\Game_sfml\Project_Game\main.cpp(676,28): warning C4244: '=': conversion from 'const T' to 'int', possible loss of data
C:\Users\ppbas\OneDrive\Desktop\62010602\SourceCode\Project_Game\Game_sfml\Project_Game\main.cpp(676,28): warning C4244:         with
C:\Users\ppbas\OneDrive\Desktop\62010602\SourceCode\Project_Game\Game_sfml\Project_Game\main.cpp(676,28): warning C4244:         [
C:\Users\ppbas\OneDrive\Desktop\62010602\SourceCode\Project_Game\Game_sfml\Project_Game\main.cpp(676,28): warning C4244:             T=float
C:\Users\ppbas\OneDrive\Desktop\62010602\SourceCode\Project_Game\Game_sfml\Project_Game\main.cpp(676,28): warning C4244:         ]
C:\Users\ppbas\OneDrive\Desktop\62010602\SourceCode\Project_Game\Game_sfml\Project_Game\main.cpp(746,37): warning C4244: 'argument': conversion from 'int' to 'float', possible loss of data
  Project_Game.vcxproj -> C:\Users\ppbas\OneDrive\Desktop\62010602\SourceCode\Project_Game\Game_sfml\x64\Debug\Project_Game.exe
